
> @jojovms/angular-spotlight-tour@0.0.1 build
> vite build

The CJS build of Vite's Node API is deprecated. See https://vite.dev/guide/troubleshooting.html#vite-cjs-node-api-deprecated for more details.
[36mvite v5.4.21 [32mbuilding for production...[36m[39m
src/index.ts:2:44 - error TS2307: Cannot find module '@jojovms/spotlight-tour-core' or its corresponding type declarations.

2 export type { TourStep, TourOptions } from '@jojovms/spotlight-tour-core';
                                             ~~~~~~~~~~~~~~~~~~~~~~~~~~~~~~
src/spotlight-tour.service.ts:2:44 - error TS2307: Cannot find module '@jojovms/spotlight-tour-core' or its corresponding type declarations.

2 import { SpotlightTour, TourOptions } from '@jojovms/spotlight-tour-core';
                                             ~~~~~~~~~~~~~~~~~~~~~~~~~~~~~~

transforming...
[32mÎ“Â£Ã´[39m 2 modules transformed.
x Build failed in 1.62s
error during build:
[vite]: Rollup failed to resolve import "@jojovms/spotlight-tour-core" from "D:/Skill Devlopment/IT/GitHub_Public_Repo/jojovms-npm-package-project/packages/spotlight-tour/angular/src/spotlight-tour.service.ts".
This is most likely unintended because it can break your application at runtime.
If you do want to externalize this module explicitly add it to
`build.rollupOptions.external`
    at viteWarn (file:///D:/Skill%20Devlopment/IT/GitHub_Public_Repo/jojovms-npm-package-project/node_modules/vite/dist/node/chunks/dep-BK3b2jBa.js:65855:17)
    at onRollupWarning (file:///D:/Skill%20Devlopment/IT/GitHub_Public_Repo/jojovms-npm-package-project/node_modules/vite/dist/node/chunks/dep-BK3b2jBa.js:65887:5)
    at onwarn (file:///D:/Skill%20Devlopment/IT/GitHub_Public_Repo/jojovms-npm-package-project/node_modules/vite/dist/node/chunks/dep-BK3b2jBa.js:65550:7)
    at file:///D:/Skill%20Devlopment/IT/GitHub_Public_Repo/jojovms-npm-package-project/node_modules/rollup/dist/es/shared/node-entry.js:21046:13
    at Object.logger [as onLog] (file:///D:/Skill%20Devlopment/IT/GitHub_Public_Repo/jojovms-npm-package-project/node_modules/rollup/dist/es/shared/node-entry.js:22919:9)
    at ModuleLoader.handleInvalidResolvedId (file:///D:/Skill%20Devlopment/IT/GitHub_Public_Repo/jojovms-npm-package-project/node_modules/rollup/dist/es/shared/node-entry.js:21663:26)
    at file:///D:/Skill%20Devlopment/IT/GitHub_Public_Repo/jojovms-npm-package-project/node_modules/rollup/dist/es/shared/node-entry.js:21621:26
npm error Lifecycle script `build` failed with error:
npm error code 1
npm error path D:\Skill Devlopment\IT\GitHub_Public_Repo\jojovms-npm-package-project\packages\spotlight-tour\angular
npm error workspace @jojovms/angular-spotlight-tour@0.0.1
npm error location D:\Skill Devlopment\IT\GitHub_Public_Repo\jojovms-npm-package-project\packages\spotlight-tour\angular
npm error command failed
npm error command C:\WINDOWS\system32\cmd.exe /d /s /c vite build
